<?xml version="1.0" encoding="UTF-8"?>
<!-- Generated by org.testng.reporters.JUnitReportReporter -->
<testsuite skipped="0" hostname="THE_EXPANDABLES" name="com.wallethub.DynamicGoogleSearch" tests="1" failures="0" timestamp="04 Mar 2021 03:02:04 GMT" time="15.500" errors="0">
  <testcase name="dynamicSearch" time="15.500" classname="com.wallethub.DynamicGoogleSearch"/>
</testsuite> <!-- com.wallethub.DynamicGoogleSearch -->
